Determining if the pthread_create exist failed with the following output:
Change Dir: /home/thushv89/deepRL_nav/ros/move_robot/build/CMakeFiles/CMakeTmp

Run Build Command:/usr/bin/make "cmTryCompileExec673252314/fast"
/usr/bin/make -f CMakeFiles/cmTryCompileExec673252314.dir/build.make CMakeFiles/cmTryCompileExec673252314.dir/build
make[1]: Entering directory `/home/thushv89/deepRL_nav/ros/move_robot/build/CMakeFiles/CMakeTmp'
/usr/bin/cmake -E cmake_progress_report /home/thushv89/deepRL_nav/ros/move_robot/build/CMakeFiles/CMakeTmp/CMakeFiles 1
Building C object CMakeFiles/cmTryCompileExec673252314.dir/CheckSymbolExists.c.o
/usr/bin/cc    -o CMakeFiles/cmTryCompileExec673252314.dir/CheckSymbolExists.c.o   -c /home/thushv89/deepRL_nav/ros/move_robot/build/CMakeFiles/CMakeTmp/CheckSymbolExists.c
Linking C executable cmTryCompileExec673252314
/usr/bin/cmake -E cmake_link_script CMakeFiles/cmTryCompileExec673252314.dir/link.txt --verbose=1
/usr/bin/cc       CMakeFiles/cmTryCompileExec673252314.dir/CheckSymbolExists.c.o  -o cmTryCompileExec673252314 -rdynamic 
CMakeFiles/cmTryCompileExec673252314.dir/CheckSymbolExists.c.o: In function `main':
CheckSymbolExists.c:(.text+0x16): undefined reference to `pthread_create'
collect2: error: ld returned 1 exit status
make[1]: *** [cmTryCompileExec673252314] Error 1
make[1]: Leaving directory `/home/thushv89/deepRL_nav/ros/move_robot/build/CMakeFiles/CMakeTmp'
make: *** [cmTryCompileExec673252314/fast] Error 2

File /home/thushv89/deepRL_nav/ros/move_robot/build/CMakeFiles/CMakeTmp/CheckSymbolExists.c:
/* */
#include <pthread.h>

int main(int argc, char** argv)
{
  (void)argv;
#ifndef pthread_create
  return ((int*)(&pthread_create))[argc];
#else
  (void)argc;
  return 0;
#endif
}

Determining if the function pthread_create exists in the pthreads failed with the following output:
Change Dir: /home/thushv89/deepRL_nav/ros/move_robot/build/CMakeFiles/CMakeTmp

Run Build Command:/usr/bin/make "cmTryCompileExec3948316567/fast"
/usr/bin/make -f CMakeFiles/cmTryCompileExec3948316567.dir/build.make CMakeFiles/cmTryCompileExec3948316567.dir/build
make[1]: Entering directory `/home/thushv89/deepRL_nav/ros/move_robot/build/CMakeFiles/CMakeTmp'
/usr/bin/cmake -E cmake_progress_report /home/thushv89/deepRL_nav/ros/move_robot/build/CMakeFiles/CMakeTmp/CMakeFiles 1
Building C object CMakeFiles/cmTryCompileExec3948316567.dir/CheckFunctionExists.c.o
/usr/bin/cc   -DCHECK_FUNCTION_EXISTS=pthread_create   -o CMakeFiles/cmTryCompileExec3948316567.dir/CheckFunctionExists.c.o   -c /usr/share/cmake-2.8/Modules/CheckFunctionExists.c
Linking C executable cmTryCompileExec3948316567
/usr/bin/cmake -E cmake_link_script CMakeFiles/cmTryCompileExec3948316567.dir/link.txt --verbose=1
/usr/bin/cc   -DCHECK_FUNCTION_EXISTS=pthread_create    CMakeFiles/cmTryCompileExec3948316567.dir/CheckFunctionExists.c.o  -o cmTryCompileExec3948316567 -rdynamic -lpthreads 
/usr/bin/ld: cannot find -lpthreads
collect2: error: ld returned 1 exit status
make[1]: *** [cmTryCompileExec3948316567] Error 1
make[1]: Leaving directory `/home/thushv89/deepRL_nav/ros/move_robot/build/CMakeFiles/CMakeTmp'
make: *** [cmTryCompileExec3948316567/fast] Error 2


