Determining if the pthread_create exist failed with the following output:
Change Dir: /home/thushv89/deepRL_nav/ros/map_and_state/build/CMakeFiles/CMakeTmp

Run Build Command:/usr/bin/make "cmTryCompileExec1948161217/fast"
/usr/bin/make -f CMakeFiles/cmTryCompileExec1948161217.dir/build.make CMakeFiles/cmTryCompileExec1948161217.dir/build
make[1]: Entering directory `/home/thushv89/deepRL_nav/ros/map_and_state/build/CMakeFiles/CMakeTmp'
/usr/bin/cmake -E cmake_progress_report /home/thushv89/deepRL_nav/ros/map_and_state/build/CMakeFiles/CMakeTmp/CMakeFiles 1
Building C object CMakeFiles/cmTryCompileExec1948161217.dir/CheckSymbolExists.c.o
/usr/bin/cc    -o CMakeFiles/cmTryCompileExec1948161217.dir/CheckSymbolExists.c.o   -c /home/thushv89/deepRL_nav/ros/map_and_state/build/CMakeFiles/CMakeTmp/CheckSymbolExists.c
Linking C executable cmTryCompileExec1948161217
/usr/bin/cmake -E cmake_link_script CMakeFiles/cmTryCompileExec1948161217.dir/link.txt --verbose=1
/usr/bin/cc       CMakeFiles/cmTryCompileExec1948161217.dir/CheckSymbolExists.c.o  -o cmTryCompileExec1948161217 -rdynamic 
CMakeFiles/cmTryCompileExec1948161217.dir/CheckSymbolExists.c.o: In function `main':
CheckSymbolExists.c:(.text+0x16): undefined reference to `pthread_create'
collect2: error: ld returned 1 exit status
make[1]: *** [cmTryCompileExec1948161217] Error 1
make[1]: Leaving directory `/home/thushv89/deepRL_nav/ros/map_and_state/build/CMakeFiles/CMakeTmp'
make: *** [cmTryCompileExec1948161217/fast] Error 2

File /home/thushv89/deepRL_nav/ros/map_and_state/build/CMakeFiles/CMakeTmp/CheckSymbolExists.c:
/* */
#include <pthread.h>

int main(int argc, char** argv)
{
  (void)argv;
#ifndef pthread_create
  return ((int*)(&pthread_create))[argc];
#else
  (void)argc;
  return 0;
#endif
}

Determining if the function pthread_create exists in the pthreads failed with the following output:
Change Dir: /home/thushv89/deepRL_nav/ros/map_and_state/build/CMakeFiles/CMakeTmp

Run Build Command:/usr/bin/make "cmTryCompileExec2847131071/fast"
/usr/bin/make -f CMakeFiles/cmTryCompileExec2847131071.dir/build.make CMakeFiles/cmTryCompileExec2847131071.dir/build
make[1]: Entering directory `/home/thushv89/deepRL_nav/ros/map_and_state/build/CMakeFiles/CMakeTmp'
/usr/bin/cmake -E cmake_progress_report /home/thushv89/deepRL_nav/ros/map_and_state/build/CMakeFiles/CMakeTmp/CMakeFiles 1
Building C object CMakeFiles/cmTryCompileExec2847131071.dir/CheckFunctionExists.c.o
/usr/bin/cc   -DCHECK_FUNCTION_EXISTS=pthread_create   -o CMakeFiles/cmTryCompileExec2847131071.dir/CheckFunctionExists.c.o   -c /usr/share/cmake-2.8/Modules/CheckFunctionExists.c
Linking C executable cmTryCompileExec2847131071
/usr/bin/cmake -E cmake_link_script CMakeFiles/cmTryCompileExec2847131071.dir/link.txt --verbose=1
/usr/bin/cc   -DCHECK_FUNCTION_EXISTS=pthread_create    CMakeFiles/cmTryCompileExec2847131071.dir/CheckFunctionExists.c.o  -o cmTryCompileExec2847131071 -rdynamic -lpthreads 
/usr/bin/ld: cannot find -lpthreads
collect2: error: ld returned 1 exit status
make[1]: *** [cmTryCompileExec2847131071] Error 1
make[1]: Leaving directory `/home/thushv89/deepRL_nav/ros/map_and_state/build/CMakeFiles/CMakeTmp'
make: *** [cmTryCompileExec2847131071/fast] Error 2


